0 info it worked if it ends with ok
1 verbose cli [ 'C:\\Program Files\\nodejs\\node.exe',
1 verbose cli   'C:\\Program Files\\nodejs\\node_modules\\npm\\bin\\npm-cli.js',
1 verbose cli   'unlink',
1 verbose cli   '@microdocs/cloud-rest-client' ]
2 info using npm@3.8.9
3 info using node@v6.2.0
4 silly loadCurrentTree Starting
5 silly install loadCurrentTree
6 silly install readLocalPackageData
7 silly rollbackFailedOptional Starting
8 silly rollbackFailedOptional Finishing
9 silly runTopLevelLifecycles Starting
10 silly runTopLevelLifecycles Finishing
11 silly install printInstalled
12 verbose stack Error: ENOENT: no such file or directory, realpath 'C:\Users\steve\projects\microdocs\webscale\webscale-rest-client-angular2\node_modules\@microdocs\cloud-rest-client'
12 verbose stack     at Error (native)
13 verbose cwd C:\Users\steve\projects\microdocs\webscale\webscale-rest-client-angular2
14 error Windows_NT 10.0.15063
15 error argv "C:\\Program Files\\nodejs\\node.exe" "C:\\Program Files\\nodejs\\node_modules\\npm\\bin\\npm-cli.js" "unlink" "@microdocs/cloud-rest-client"
16 error node v6.2.0
17 error npm  v3.8.9
18 error path C:\Users\steve\projects\microdocs\webscale\webscale-rest-client-angular2\node_modules\@microdocs\cloud-rest-client
19 error code ENOENT
20 error errno -4058
21 error syscall realpath
22 error enoent ENOENT: no such file or directory, realpath 'C:\Users\steve\projects\microdocs\webscale\webscale-rest-client-angular2\node_modules\@microdocs\cloud-rest-client'
23 error enoent ENOENT: no such file or directory, realpath 'C:\Users\steve\projects\microdocs\webscale\webscale-rest-client-angular2\node_modules\@microdocs\cloud-rest-client'
23 error enoent This is most likely not a problem with npm itself
23 error enoent and is related to npm not being able to find a file.
24 verbose exit [ -4058, true ]
